<?xml version="1.0" encoding="UTF-8"?>
<coverage generated="1679943206456" clover="3.2.0">
  <project timestamp="1679943206456" name="All files">
    <metrics statements="73" coveredstatements="73" conditionals="51" coveredconditionals="51" methods="22" coveredmethods="22" elements="146" coveredelements="146" complexity="0" loc="73" ncloc="73" packages="2" files="3" classes="3"/>
    <package name="src">
      <metrics statements="17" coveredstatements="17" conditionals="12" coveredconditionals="12" methods="5" coveredmethods="5"/>
      <file name="App.js" path="/home/mrhollowman/mine/Calendar/src/App.js">
        <metrics statements="17" coveredstatements="17" conditionals="12" coveredconditionals="12" methods="5" coveredmethods="5"/>
        <line num="6" count="15" type="stmt"/>
        <line num="7" count="15" type="stmt"/>
        <line num="8" count="15" type="stmt"/>
        <line num="9" count="15" type="stmt"/>
        <line num="10" count="15" type="stmt"/>
        <line num="12" count="15" type="stmt"/>
        <line num="13" count="4" type="cond" truecount="4" falsecount="0"/>
        <line num="14" count="1" type="stmt"/>
        <line num="16" count="3" type="cond" truecount="4" falsecount="0"/>
        <line num="17" count="1" type="stmt"/>
        <line num="19" count="2" type="cond" truecount="4" falsecount="0"/>
        <line num="20" count="1" type="stmt"/>
        <line num="23" count="1" type="stmt"/>
        <line num="29" count="15" type="stmt"/>
        <line num="34" count="4" type="stmt"/>
        <line num="35" count="4" type="stmt"/>
        <line num="36" count="4" type="stmt"/>
      </file>
    </package>
    <package name="src.Calendar">
      <metrics statements="56" coveredstatements="56" conditionals="39" coveredconditionals="39" methods="17" coveredmethods="17"/>
      <file name="Calendar.js" path="/home/mrhollowman/mine/Calendar/src/Calendar/Calendar.js">
        <metrics statements="48" coveredstatements="48" conditionals="34" coveredconditionals="34" methods="16" coveredmethods="16"/>
        <line num="6" count="2" type="stmt"/>
        <line num="7" count="39" type="stmt"/>
        <line num="8" count="39" type="stmt"/>
        <line num="9" count="1170" type="stmt"/>
        <line num="10" count="39" type="stmt"/>
        <line num="14" count="39" type="stmt"/>
        <line num="15" count="39" type="stmt"/>
        <line num="16" count="29" type="stmt"/>
        <line num="21" count="39" type="stmt"/>
        <line num="23" count="29" type="stmt"/>
        <line num="24" count="29" type="stmt"/>
        <line num="26" count="39" type="stmt"/>
        <line num="27" count="29" type="stmt"/>
        <line num="29" count="29" type="cond" truecount="4" falsecount="0"/>
        <line num="30" count="2" type="stmt"/>
        <line num="32" count="27" type="cond" truecount="4" falsecount="0"/>
        <line num="33" count="2" type="stmt"/>
        <line num="35" count="25" type="cond" truecount="4" falsecount="0"/>
        <line num="36" count="2" type="stmt"/>
        <line num="38" count="23" type="cond" truecount="4" falsecount="0"/>
        <line num="39" count="17" type="stmt"/>
        <line num="41" count="6" type="cond" truecount="4" falsecount="0"/>
        <line num="42" count="2" type="stmt"/>
        <line num="44" count="4" type="cond" truecount="4" falsecount="0"/>
        <line num="45" count="2" type="stmt"/>
        <line num="48" count="2" type="stmt"/>
        <line num="51" count="39" type="stmt"/>
        <line num="53" count="58" type="cond" truecount="2" falsecount="0"/>
        <line num="54" count="28" type="stmt"/>
        <line num="55" count="28" type="cond" truecount="2" falsecount="0"/>
        <line num="56" count="116" type="stmt"/>
        <line num="59" count="672" type="stmt"/>
        <line num="62" count="30" type="cond" truecount="2" falsecount="0"/>
        <line num="63" count="620" type="stmt"/>
        <line num="66" count="300" type="stmt"/>
        <line num="71" count="39" type="stmt"/>
        <line num="72" count="29" type="stmt"/>
        <line num="73" count="93" type="stmt"/>
        <line num="74" count="29" type="stmt"/>
        <line num="75" count="29" type="stmt"/>
        <line num="76" count="29" type="stmt"/>
        <line num="81" count="39" type="stmt"/>
        <line num="82" count="14" type="stmt"/>
        <line num="84" count="39" type="stmt"/>
        <line num="85" count="15" type="stmt"/>
        <line num="88" count="39" type="stmt"/>
        <line num="99" count="273" type="stmt"/>
        <line num="106" count="1251" type="stmt"/>
      </file>
      <file name="helper.js" path="/home/mrhollowman/mine/Calendar/src/Calendar/helper.js">
        <metrics statements="8" coveredstatements="8" conditionals="5" coveredconditionals="5" methods="1" coveredmethods="1"/>
        <line num="1" count="3" type="stmt"/>
        <line num="2" count="3" type="stmt"/>
        <line num="11" count="3" type="stmt"/>
        <line num="25" count="3" type="stmt"/>
        <line num="39" count="3" type="stmt"/>
        <line num="41" count="61" type="cond" truecount="5" falsecount="0"/>
        <line num="42" count="8" type="stmt"/>
        <line num="44" count="53" type="stmt"/>
      </file>
    </package>
  </project>
</coverage>
