{"/home/mrhollowman/mine/Calendar/src/App.js": {"path":"/home/mrhollowman/mine/Calendar/src/App.js","statementMap":{"0":{"start":{"line":6,"column":20},"end":{"line":6,"column":52}},"1":{"start":{"line":7,"column":26},"end":{"line":7,"column":47}},"2":{"start":{"line":8,"column":26},"end":{"line":8,"column":59}},"3":{"start":{"line":9,"column":21},"end":{"line":9,"column":53}},"4":{"start":{"line":10,"column":22},"end":{"line":10,"column":52}},"5":{"start":{"line":12,"column":28},"end":{"line":26,"column":3}},"6":{"start":{"line":13,"column":4},"end":{"line":24,"column":5}},"7":{"start":{"line":14,"column":6},"end":{"line":14,"column":48}},"8":{"start":{"line":16,"column":9},"end":{"line":24,"column":5}},"9":{"start":{"line":17,"column":6},"end":{"line":17,"column":41}},"10":{"start":{"line":19,"column":9},"end":{"line":24,"column":5}},"11":{"start":{"line":20,"column":6},"end":{"line":20,"column":41}},"12":{"start":{"line":23,"column":6},"end":{"line":23,"column":36}},"13":{"start":{"line":29,"column":2},"end":{"line":44,"column":4}},"14":{"start":{"line":34,"column":93},"end":{"line":34,"column":116}},"15":{"start":{"line":35,"column":93},"end":{"line":35,"column":114}},"16":{"start":{"line":36,"column":100},"end":{"line":36,"column":121}}},"fnMap":{"0":{"name":"App","decl":{"start":{"line":5,"column":9},"end":{"line":5,"column":12}},"loc":{"start":{"line":5,"column":15},"end":{"line":45,"column":1}},"line":5},"1":{"name":"(anonymous_1)","decl":{"start":{"line":12,"column":28},"end":{"line":12,"column":29}},"loc":{"start":{"line":12,"column":32},"end":{"line":26,"column":3}},"line":12},"2":{"name":"(anonymous_2)","decl":{"start":{"line":34,"column":87},"end":{"line":34,"column":88}},"loc":{"start":{"line":34,"column":93},"end":{"line":34,"column":116}},"line":34},"3":{"name":"(anonymous_3)","decl":{"start":{"line":35,"column":87},"end":{"line":35,"column":88}},"loc":{"start":{"line":35,"column":93},"end":{"line":35,"column":114}},"line":35},"4":{"name":"(anonymous_4)","decl":{"start":{"line":36,"column":94},"end":{"line":36,"column":95}},"loc":{"start":{"line":36,"column":100},"end":{"line":36,"column":121}},"line":36}},"branchMap":{"0":{"loc":{"start":{"line":13,"column":4},"end":{"line":24,"column":5}},"type":"if","locations":[{"start":{"line":13,"column":4},"end":{"line":24,"column":5}},{"start":{"line":16,"column":9},"end":{"line":24,"column":5}}],"line":13},"1":{"loc":{"start":{"line":13,"column":7},"end":{"line":13,"column":33}},"type":"binary-expr","locations":[{"start":{"line":13,"column":7},"end":{"line":13,"column":18}},{"start":{"line":13,"column":22},"end":{"line":13,"column":33}}],"line":13},"2":{"loc":{"start":{"line":16,"column":9},"end":{"line":24,"column":5}},"type":"if","locations":[{"start":{"line":16,"column":9},"end":{"line":24,"column":5}},{"start":{"line":19,"column":9},"end":{"line":24,"column":5}}],"line":16},"3":{"loc":{"start":{"line":16,"column":12},"end":{"line":16,"column":27}},"type":"binary-expr","locations":[{"start":{"line":16,"column":12},"end":{"line":16,"column":19}},{"start":{"line":16,"column":22},"end":{"line":16,"column":27}}],"line":16},"4":{"loc":{"start":{"line":19,"column":9},"end":{"line":24,"column":5}},"type":"if","locations":[{"start":{"line":19,"column":9},"end":{"line":24,"column":5}},{"start":{"line":22,"column":8},"end":{"line":24,"column":5}}],"line":19},"5":{"loc":{"start":{"line":19,"column":12},"end":{"line":19,"column":28}},"type":"binary-expr","locations":[{"start":{"line":19,"column":12},"end":{"line":19,"column":19}},{"start":{"line":19,"column":23},"end":{"line":19,"column":28}}],"line":19}},"s":{"0":15,"1":15,"2":15,"3":15,"4":15,"5":15,"6":4,"7":1,"8":3,"9":1,"10":2,"11":1,"12":1,"13":15,"14":4,"15":4,"16":4},"f":{"0":15,"1":4,"2":4,"3":4,"4":4},"b":{"0":[1,3],"1":[4,3],"2":[1,2],"3":[3,2],"4":[1,1],"5":[2,2]},"_coverageSchema":"1a1c01bbd47fc00a2c39e90264f33305004495a9","hash":"9b01b9bd124fe49fcebbfc3f0ef419bc89568b74"}
,"/home/mrhollowman/mine/Calendar/src/Calendar/Calendar.js": {"path":"/home/mrhollowman/mine/Calendar/src/Calendar/Calendar.js","statementMap":{"0":{"start":{"line":6,"column":17},"end":{"line":115,"column":1}},"1":{"start":{"line":7,"column":25},"end":{"line":7,"column":40}},"2":{"start":{"line":8,"column":25},"end":{"line":8,"column":37}},"3":{"start":{"line":9,"column":38},"end":{"line":9,"column":91}},"4":{"start":{"line":9,"column":84},"end":{"line":9,"column":89}},"5":{"start":{"line":10,"column":24},"end":{"line":10,"column":40}},"6":{"start":{"line":14,"column":16},"end":{"line":14,"column":33}},"7":{"start":{"line":15,"column":22},"end":{"line":18,"column":5}},"8":{"start":{"line":16,"column":8},"end":{"line":16,"column":44}},"9":{"start":{"line":21,"column":21},"end":{"line":25,"column":5}},"10":{"start":{"line":23,"column":21},"end":{"line":23,"column":50}},"11":{"start":{"line":24,"column":8},"end":{"line":24,"column":34}},"12":{"start":{"line":26,"column":24},"end":{"line":50,"column":5}},"13":{"start":{"line":27,"column":26},"end":{"line":27,"column":36}},"14":{"start":{"line":29,"column":8},"end":{"line":31,"column":9}},"15":{"start":{"line":30,"column":12},"end":{"line":30,"column":21}},"16":{"start":{"line":32,"column":8},"end":{"line":34,"column":9}},"17":{"start":{"line":33,"column":12},"end":{"line":33,"column":21}},"18":{"start":{"line":35,"column":8},"end":{"line":37,"column":9}},"19":{"start":{"line":36,"column":12},"end":{"line":36,"column":21}},"20":{"start":{"line":38,"column":8},"end":{"line":40,"column":9}},"21":{"start":{"line":39,"column":12},"end":{"line":39,"column":21}},"22":{"start":{"line":41,"column":8},"end":{"line":43,"column":9}},"23":{"start":{"line":42,"column":12},"end":{"line":42,"column":21}},"24":{"start":{"line":44,"column":8},"end":{"line":46,"column":9}},"25":{"start":{"line":45,"column":12},"end":{"line":45,"column":21}},"26":{"start":{"line":48,"column":8},"end":{"line":48,"column":17}},"27":{"start":{"line":51,"column":27},"end":{"line":69,"column":5}},"28":{"start":{"line":53,"column":8},"end":{"line":67,"column":9}},"29":{"start":{"line":54,"column":32},"end":{"line":54,"column":51}},"30":{"start":{"line":55,"column":12},"end":{"line":60,"column":13}},"31":{"start":{"line":56,"column":16},"end":{"line":56,"column":68}},"32":{"start":{"line":56,"column":61},"end":{"line":56,"column":66}},"33":{"start":{"line":59,"column":16},"end":{"line":59,"column":68}},"34":{"start":{"line":59,"column":61},"end":{"line":59,"column":66}},"35":{"start":{"line":62,"column":13},"end":{"line":67,"column":9}},"36":{"start":{"line":63,"column":12},"end":{"line":63,"column":62}},"37":{"start":{"line":63,"column":56},"end":{"line":63,"column":61}},"38":{"start":{"line":66,"column":12},"end":{"line":66,"column":62}},"39":{"start":{"line":66,"column":56},"end":{"line":66,"column":61}},"40":{"start":{"line":71,"column":31},"end":{"line":78,"column":5}},"41":{"start":{"line":72,"column":18},"end":{"line":72,"column":90}},"42":{"start":{"line":73,"column":25},"end":{"line":73,"column":67}},"43":{"start":{"line":73,"column":63},"end":{"line":73,"column":66}},"44":{"start":{"line":74,"column":8},"end":{"line":74,"column":24}},"45":{"start":{"line":75,"column":8},"end":{"line":75,"column":61}},"46":{"start":{"line":76,"column":8},"end":{"line":76,"column":19}},"47":{"start":{"line":81,"column":4},"end":{"line":83,"column":10}},"48":{"start":{"line":82,"column":8},"end":{"line":82,"column":28}},"49":{"start":{"line":84,"column":4},"end":{"line":86,"column":14}},"50":{"start":{"line":85,"column":8},"end":{"line":85,"column":28}},"51":{"start":{"line":88,"column":4},"end":{"line":114,"column":5}},"52":{"start":{"line":99,"column":37},"end":{"line":99,"column":59}},"53":{"start":{"line":106,"column":24},"end":{"line":109,"column":25}}},"fnMap":{"0":{"name":"(anonymous_0)","decl":{"start":{"line":6,"column":17},"end":{"line":6,"column":18}},"loc":{"start":{"line":6,"column":31},"end":{"line":115,"column":1}},"line":6},"1":{"name":"(anonymous_1)","decl":{"start":{"line":9,"column":74},"end":{"line":9,"column":75}},"loc":{"start":{"line":9,"column":84},"end":{"line":9,"column":89}},"line":9},"2":{"name":"(anonymous_2)","decl":{"start":{"line":15,"column":22},"end":{"line":15,"column":23}},"loc":{"start":{"line":15,"column":28},"end":{"line":18,"column":5}},"line":15},"3":{"name":"(anonymous_3)","decl":{"start":{"line":21,"column":21},"end":{"line":21,"column":22}},"loc":{"start":{"line":21,"column":27},"end":{"line":25,"column":5}},"line":21},"4":{"name":"(anonymous_4)","decl":{"start":{"line":26,"column":24},"end":{"line":26,"column":25}},"loc":{"start":{"line":26,"column":30},"end":{"line":50,"column":5}},"line":26},"5":{"name":"(anonymous_5)","decl":{"start":{"line":51,"column":27},"end":{"line":51,"column":28}},"loc":{"start":{"line":51,"column":33},"end":{"line":69,"column":5}},"line":51},"6":{"name":"(anonymous_6)","decl":{"start":{"line":56,"column":51},"end":{"line":56,"column":52}},"loc":{"start":{"line":56,"column":61},"end":{"line":56,"column":66}},"line":56},"7":{"name":"(anonymous_7)","decl":{"start":{"line":59,"column":51},"end":{"line":59,"column":52}},"loc":{"start":{"line":59,"column":61},"end":{"line":59,"column":66}},"line":59},"8":{"name":"(anonymous_8)","decl":{"start":{"line":63,"column":46},"end":{"line":63,"column":47}},"loc":{"start":{"line":63,"column":56},"end":{"line":63,"column":61}},"line":63},"9":{"name":"(anonymous_9)","decl":{"start":{"line":66,"column":46},"end":{"line":66,"column":47}},"loc":{"start":{"line":66,"column":56},"end":{"line":66,"column":61}},"line":66},"10":{"name":"(anonymous_10)","decl":{"start":{"line":71,"column":31},"end":{"line":71,"column":32}},"loc":{"start":{"line":71,"column":37},"end":{"line":78,"column":5}},"line":71},"11":{"name":"(anonymous_11)","decl":{"start":{"line":73,"column":53},"end":{"line":73,"column":54}},"loc":{"start":{"line":73,"column":63},"end":{"line":73,"column":66}},"line":73},"12":{"name":"(anonymous_12)","decl":{"start":{"line":81,"column":14},"end":{"line":81,"column":15}},"loc":{"start":{"line":81,"column":20},"end":{"line":83,"column":5}},"line":81},"13":{"name":"(anonymous_13)","decl":{"start":{"line":84,"column":14},"end":{"line":84,"column":15}},"loc":{"start":{"line":84,"column":20},"end":{"line":86,"column":5}},"line":84},"14":{"name":"(anonymous_14)","decl":{"start":{"line":99,"column":30},"end":{"line":99,"column":31}},"loc":{"start":{"line":99,"column":37},"end":{"line":99,"column":59}},"line":99},"15":{"name":"(anonymous_15)","decl":{"start":{"line":105,"column":34},"end":{"line":105,"column":35}},"loc":{"start":{"line":105,"column":44},"end":{"line":110,"column":21}},"line":105}},"branchMap":{"0":{"loc":{"start":{"line":29,"column":8},"end":{"line":31,"column":9}},"type":"if","locations":[{"start":{"line":29,"column":8},"end":{"line":31,"column":9}},{"start":{},"end":{}}],"line":29},"1":{"loc":{"start":{"line":29,"column":12},"end":{"line":29,"column":53}},"type":"binary-expr","locations":[{"start":{"line":29,"column":12},"end":{"line":29,"column":31}},{"start":{"line":29,"column":35},"end":{"line":29,"column":53}}],"line":29},"2":{"loc":{"start":{"line":32,"column":8},"end":{"line":34,"column":9}},"type":"if","locations":[{"start":{"line":32,"column":8},"end":{"line":34,"column":9}},{"start":{},"end":{}}],"line":32},"3":{"loc":{"start":{"line":32,"column":12},"end":{"line":32,"column":53}},"type":"binary-expr","locations":[{"start":{"line":32,"column":12},"end":{"line":32,"column":31}},{"start":{"line":32,"column":35},"end":{"line":32,"column":53}}],"line":32},"4":{"loc":{"start":{"line":35,"column":8},"end":{"line":37,"column":9}},"type":"if","locations":[{"start":{"line":35,"column":8},"end":{"line":37,"column":9}},{"start":{},"end":{}}],"line":35},"5":{"loc":{"start":{"line":35,"column":12},"end":{"line":35,"column":53}},"type":"binary-expr","locations":[{"start":{"line":35,"column":12},"end":{"line":35,"column":31}},{"start":{"line":35,"column":35},"end":{"line":35,"column":53}}],"line":35},"6":{"loc":{"start":{"line":38,"column":8},"end":{"line":40,"column":9}},"type":"if","locations":[{"start":{"line":38,"column":8},"end":{"line":40,"column":9}},{"start":{},"end":{}}],"line":38},"7":{"loc":{"start":{"line":38,"column":12},"end":{"line":38,"column":53}},"type":"binary-expr","locations":[{"start":{"line":38,"column":12},"end":{"line":38,"column":31}},{"start":{"line":38,"column":35},"end":{"line":38,"column":53}}],"line":38},"8":{"loc":{"start":{"line":41,"column":8},"end":{"line":43,"column":9}},"type":"if","locations":[{"start":{"line":41,"column":8},"end":{"line":43,"column":9}},{"start":{},"end":{}}],"line":41},"9":{"loc":{"start":{"line":41,"column":12},"end":{"line":41,"column":53}},"type":"binary-expr","locations":[{"start":{"line":41,"column":12},"end":{"line":41,"column":31}},{"start":{"line":41,"column":35},"end":{"line":41,"column":53}}],"line":41},"10":{"loc":{"start":{"line":44,"column":8},"end":{"line":46,"column":9}},"type":"if","locations":[{"start":{"line":44,"column":8},"end":{"line":46,"column":9}},{"start":{},"end":{}}],"line":44},"11":{"loc":{"start":{"line":44,"column":12},"end":{"line":44,"column":53}},"type":"binary-expr","locations":[{"start":{"line":44,"column":12},"end":{"line":44,"column":31}},{"start":{"line":44,"column":35},"end":{"line":44,"column":53}}],"line":44},"12":{"loc":{"start":{"line":53,"column":8},"end":{"line":67,"column":9}},"type":"if","locations":[{"start":{"line":53,"column":8},"end":{"line":67,"column":9}},{"start":{"line":62,"column":13},"end":{"line":67,"column":9}}],"line":53},"13":{"loc":{"start":{"line":55,"column":12},"end":{"line":60,"column":13}},"type":"if","locations":[{"start":{"line":55,"column":12},"end":{"line":60,"column":13}},{"start":{"line":58,"column":17},"end":{"line":60,"column":13}}],"line":55},"14":{"loc":{"start":{"line":62,"column":13},"end":{"line":67,"column":9}},"type":"if","locations":[{"start":{"line":62,"column":13},"end":{"line":67,"column":9}},{"start":{"line":65,"column":12},"end":{"line":67,"column":9}}],"line":62},"15":{"loc":{"start":{"line":108,"column":28},"end":{"line":108,"column":246}},"type":"cond-expr","locations":[{"start":{"line":108,"column":45},"end":{"line":108,"column":129}},{"start":{"line":108,"column":132},"end":{"line":108,"column":246}}],"line":108},"16":{"loc":{"start":{"line":108,"column":132},"end":{"line":108,"column":246}},"type":"cond-expr","locations":[{"start":{"line":108,"column":144},"end":{"line":108,"column":166}},{"start":{"line":108,"column":169},"end":{"line":108,"column":246}}],"line":108}},"s":{"0":2,"1":39,"2":39,"3":39,"4":1170,"5":39,"6":39,"7":39,"8":29,"9":39,"10":29,"11":29,"12":39,"13":29,"14":29,"15":2,"16":27,"17":2,"18":25,"19":2,"20":23,"21":17,"22":6,"23":2,"24":4,"25":2,"26":2,"27":39,"28":58,"29":28,"30":28,"31":4,"32":116,"33":24,"34":672,"35":30,"36":20,"37":620,"38":10,"39":300,"40":39,"41":29,"42":29,"43":93,"44":29,"45":29,"46":29,"47":39,"48":14,"49":39,"50":15,"51":39,"52":273,"53":1251},"f":{"0":39,"1":1170,"2":29,"3":29,"4":29,"5":58,"6":116,"7":672,"8":620,"9":300,"10":29,"11":93,"12":14,"13":15,"14":273,"15":1251},"b":{"0":[2,27],"1":[29,29],"2":[2,25],"3":[27,27],"4":[2,23],"5":[25,25],"6":[17,6],"7":[23,23],"8":[2,4],"9":[6,6],"10":[2,2],"11":[4,4],"12":[28,30],"13":[4,24],"14":[20,10],"15":[39,1212],"16":[79,1133]},"_coverageSchema":"1a1c01bbd47fc00a2c39e90264f33305004495a9","hash":"ee641bd9b18e332c232c5fd0fdc1f9df843f3ef4"}
,"/home/mrhollowman/mine/Calendar/src/Calendar/helper.js": {"path":"/home/mrhollowman/mine/Calendar/src/Calendar/helper.js","statementMap":{"0":{"start":{"line":1,"column":21},"end":{"line":1,"column":63}},"1":{"start":{"line":2,"column":27},"end":{"line":10,"column":1}},"2":{"start":{"line":11,"column":22},"end":{"line":24,"column":1}},"3":{"start":{"line":25,"column":29},"end":{"line":38,"column":1}},"4":{"start":{"line":39,"column":29},"end":{"line":47,"column":1}},"5":{"start":{"line":41,"column":2},"end":{"line":45,"column":3}},"6":{"start":{"line":42,"column":4},"end":{"line":42,"column":13}},"7":{"start":{"line":44,"column":4},"end":{"line":44,"column":13}}},"fnMap":{"0":{"name":"(anonymous_0)","decl":{"start":{"line":39,"column":29},"end":{"line":39,"column":30}},"loc":{"start":{"line":39,"column":39},"end":{"line":47,"column":1}},"line":39}},"branchMap":{"0":{"loc":{"start":{"line":41,"column":2},"end":{"line":45,"column":3}},"type":"if","locations":[{"start":{"line":41,"column":2},"end":{"line":45,"column":3}},{"start":{"line":43,"column":9},"end":{"line":45,"column":3}}],"line":41},"1":{"loc":{"start":{"line":41,"column":6},"end":{"line":41,"column":62}},"type":"binary-expr","locations":[{"start":{"line":41,"column":6},"end":{"line":41,"column":22}},{"start":{"line":41,"column":27},"end":{"line":41,"column":43}},{"start":{"line":41,"column":47},"end":{"line":41,"column":61}}],"line":41}},"s":{"0":3,"1":3,"2":3,"3":3,"4":3,"5":61,"6":8,"7":53},"f":{"0":61},"b":{"0":[8,53],"1":[61,60,23]},"_coverageSchema":"1a1c01bbd47fc00a2c39e90264f33305004495a9","hash":"f4536a5876e4e75095b56c9fc99c14e0a155b45e"}
}
