TN:
SF:src/App.js
FN:5,App
FN:12,(anonymous_1)
FN:34,(anonymous_2)
FN:35,(anonymous_3)
FN:36,(anonymous_4)
FNF:5
FNH:5
FNDA:15,App
FNDA:4,(anonymous_1)
FNDA:4,(anonymous_2)
FNDA:4,(anonymous_3)
FNDA:4,(anonymous_4)
DA:6,15
DA:7,15
DA:8,15
DA:9,15
DA:10,15
DA:12,15
DA:13,4
DA:14,1
DA:16,3
DA:17,1
DA:19,2
DA:20,1
DA:23,1
DA:29,15
DA:34,4
DA:35,4
DA:36,4
LF:17
LH:17
BRDA:13,0,0,1
BRDA:13,0,1,3
BRDA:13,1,0,4
BRDA:13,1,1,3
BRDA:16,2,0,1
BRDA:16,2,1,2
BRDA:16,3,0,3
BRDA:16,3,1,2
BRDA:19,4,0,1
BRDA:19,4,1,1
BRDA:19,5,0,2
BRDA:19,5,1,2
BRF:12
BRH:12
end_of_record
TN:
SF:src/Calendar/Calendar.js
FN:6,(anonymous_0)
FN:9,(anonymous_1)
FN:15,(anonymous_2)
FN:21,(anonymous_3)
FN:26,(anonymous_4)
FN:51,(anonymous_5)
FN:56,(anonymous_6)
FN:59,(anonymous_7)
FN:63,(anonymous_8)
FN:66,(anonymous_9)
FN:71,(anonymous_10)
FN:73,(anonymous_11)
FN:81,(anonymous_12)
FN:84,(anonymous_13)
FN:99,(anonymous_14)
FN:105,(anonymous_15)
FNF:16
FNH:16
FNDA:39,(anonymous_0)
FNDA:1170,(anonymous_1)
FNDA:29,(anonymous_2)
FNDA:29,(anonymous_3)
FNDA:29,(anonymous_4)
FNDA:58,(anonymous_5)
FNDA:116,(anonymous_6)
FNDA:672,(anonymous_7)
FNDA:620,(anonymous_8)
FNDA:300,(anonymous_9)
FNDA:29,(anonymous_10)
FNDA:93,(anonymous_11)
FNDA:14,(anonymous_12)
FNDA:15,(anonymous_13)
FNDA:273,(anonymous_14)
FNDA:1251,(anonymous_15)
DA:6,2
DA:7,39
DA:8,39
DA:9,1170
DA:10,39
DA:14,39
DA:15,39
DA:16,29
DA:21,39
DA:23,29
DA:24,29
DA:26,39
DA:27,29
DA:29,29
DA:30,2
DA:32,27
DA:33,2
DA:35,25
DA:36,2
DA:38,23
DA:39,17
DA:41,6
DA:42,2
DA:44,4
DA:45,2
DA:48,2
DA:51,39
DA:53,58
DA:54,28
DA:55,28
DA:56,116
DA:59,672
DA:62,30
DA:63,620
DA:66,300
DA:71,39
DA:72,29
DA:73,93
DA:74,29
DA:75,29
DA:76,29
DA:81,39
DA:82,14
DA:84,39
DA:85,15
DA:88,39
DA:99,273
DA:106,1251
LF:48
LH:48
BRDA:29,0,0,2
BRDA:29,0,1,27
BRDA:29,1,0,29
BRDA:29,1,1,29
BRDA:32,2,0,2
BRDA:32,2,1,25
BRDA:32,3,0,27
BRDA:32,3,1,27
BRDA:35,4,0,2
BRDA:35,4,1,23
BRDA:35,5,0,25
BRDA:35,5,1,25
BRDA:38,6,0,17
BRDA:38,6,1,6
BRDA:38,7,0,23
BRDA:38,7,1,23
BRDA:41,8,0,2
BRDA:41,8,1,4
BRDA:41,9,0,6
BRDA:41,9,1,6
BRDA:44,10,0,2
BRDA:44,10,1,2
BRDA:44,11,0,4
BRDA:44,11,1,4
BRDA:53,12,0,28
BRDA:53,12,1,30
BRDA:55,13,0,4
BRDA:55,13,1,24
BRDA:62,14,0,20
BRDA:62,14,1,10
BRDA:108,15,0,39
BRDA:108,15,1,1212
BRDA:108,16,0,79
BRDA:108,16,1,1133
BRF:34
BRH:34
end_of_record
TN:
SF:src/Calendar/helper.js
FN:39,(anonymous_0)
FNF:1
FNH:1
FNDA:61,(anonymous_0)
DA:1,3
DA:2,3
DA:11,3
DA:25,3
DA:39,3
DA:41,61
DA:42,8
DA:44,53
LF:8
LH:8
BRDA:41,0,0,8
BRDA:41,0,1,53
BRDA:41,1,0,61
BRDA:41,1,1,60
BRDA:41,1,2,23
BRF:5
BRH:5
end_of_record
